 2019-04-03 11:13:32,178 -  /home/meglio/Bureau/bitbuck/bindings_extract/VIPS_33_copy
 2019-04-03 11:13:32,178 -  

                             ########### nbgroup 1  ########

            
 2019-04-03 11:13:32,870 -  

            #### Preprocessings plots ####

            
 2019-04-03 11:13:32,870 -  Baseline parameters:
                                iterations : 2
                                nbchunks : 50
                                secondpower : 5
                                polynomial degree : 1
                    
 2019-04-03 11:13:32,870 -  Steps
 2019-04-03 11:13:34,354 -      * performing translation 
 2019-04-03 11:13:34,381 -      * performing translation 
 2019-04-03 11:13:34,405 -      * performing translation 
 2019-04-03 11:13:34,434 -      * performing dilation
 2019-04-03 11:13:35,271 -  

        ### Binding index ###

        
 2019-04-03 11:13:35,272 -  BIs
 2019-04-03 11:13:35,272 -      * BI (position) : 0.8908 
 2019-04-03 11:13:35,272 -      * BI (zone) : 0.8893 
 2019-04-03 11:13:35,272 -  

        ####### Cumulative Timings ######
        
 2019-04-03 11:13:35,272 -  * Times
 2019-04-03 11:13:35,272 -      * time after translation_group : 2.2395 s 
 2019-04-03 11:13:35,272 -      * time after dilation : 2.269 s 
 2019-04-03 11:13:35,272 -      * time after noise and BI : 3.0938 s 
 2019-04-03 11:13:35,272 -  -------------
 2019-04-03 11:13:35,273 -  

                             ########### nbgroup 1  ########

            
 2019-04-03 11:13:35,318 -      * performing dilation
 2019-04-03 11:13:36,147 -  

        ### Binding index ###

        
 2019-04-03 11:13:36,147 -  BIs
 2019-04-03 11:13:36,147 -      * BI (position) : 0.8857 
 2019-04-03 11:13:36,147 -      * BI (zone) : 0.8795 
 2019-04-03 11:13:36,148 -  

        ####### Cumulative Timings ######
        
 2019-04-03 11:13:36,148 -  * Times
 2019-04-03 11:13:36,148 -      * time after translation_group : 2.2395 s 
 2019-04-03 11:13:36,148 -      * time after dilation : 0.058 s 
 2019-04-03 11:13:36,148 -      * time after noise and BI : 0.875 s 
 2019-04-03 11:13:36,148 -  -------------
 2019-04-03 11:13:36,148 -  

                             ########### nbgroup 1  ########

            
 2019-04-03 11:13:36,247 -      * performing dilation
 2019-04-03 11:13:37,078 -  

        ### Binding index ###

        
 2019-04-03 11:13:37,079 -  BIs
 2019-04-03 11:13:37,079 -      * BI (position) : 0.0654 
 2019-04-03 11:13:37,079 -      * BI (zone) : 0.0622 
 2019-04-03 11:13:37,079 -  

        ####### Cumulative Timings ######
        
 2019-04-03 11:13:37,079 -  * Times
 2019-04-03 11:13:37,079 -      * time after translation_group : 2.2395 s 
 2019-04-03 11:13:37,079 -      * time after dilation : 0.1084 s 
 2019-04-03 11:13:37,079 -      * time after noise and BI : 0.9311 s 
 2019-04-03 11:13:37,079 -  -------------
 2019-04-03 11:13:37,080 -  

                             ########### nbgroup 1  ########

            
 2019-04-03 11:13:37,861 -  

        ### Binding index ###

        
 2019-04-03 11:13:37,861 -  BIs
 2019-04-03 11:13:37,861 -      * BI (position) : ref 
 2019-04-03 11:13:37,861 -      * BI (zone) : ref 
 2019-04-03 11:13:37,861 -  

        ####### Cumulative Timings ######
        
 2019-04-03 11:13:37,861 -  * Times
 2019-04-03 11:13:37,862 -      * time after translation_group : 2.2395 s 
 2019-04-03 11:13:37,862 -      * time after dilation : 0.1084 s 
 2019-04-03 11:13:37,862 -      * time after noise and BI : 0.7817 s 
 2019-04-03 11:13:37,862 -  -------------
 2019-04-03 11:13:37,863 -  

                             ########### nbgroup 2  ########

            
 2019-04-03 11:13:38,606 -  

            #### Preprocessings plots ####

            
 2019-04-03 11:13:38,606 -  Baseline parameters:
                                iterations : 2
                                nbchunks : 50
                                secondpower : 5
                                polynomial degree : 1
                    
 2019-04-03 11:13:38,606 -  Steps
 2019-04-03 11:13:40,114 -      * performing translation 
 2019-04-03 11:13:40,250 -      * performing translation 
 2019-04-03 11:13:40,369 -      * performing translation 
 2019-04-03 11:13:40,494 -      * performing dilation
 2019-04-03 11:13:41,302 -  

        ### Binding index ###

        
 2019-04-03 11:13:41,302 -  BIs
 2019-04-03 11:13:41,302 -      * BI (position) : 0.1075 
 2019-04-03 11:13:41,302 -      * BI (zone) : 0.1059 
 2019-04-03 11:13:41,303 -  

        ####### Cumulative Timings ######
        
 2019-04-03 11:13:41,303 -  * Times
 2019-04-03 11:13:41,303 -      * time after translation_group : 2.5163 s 
 2019-04-03 11:13:41,303 -      * time after dilation : 2.6412 s 
 2019-04-03 11:13:41,303 -      * time after noise and BI : 3.4398 s 
 2019-04-03 11:13:41,303 -  -------------
 2019-04-03 11:13:41,303 -  

                             ########### nbgroup 2  ########

            
 2019-04-03 11:13:41,471 -      * performing dilation
 2019-04-03 11:13:42,295 -  

        ### Binding index ###

        
 2019-04-03 11:13:42,295 -  BIs
 2019-04-03 11:13:42,295 -      * BI (position) : 0.3949 
 2019-04-03 11:13:42,295 -      * BI (zone) : 0.3921 
 2019-04-03 11:13:42,295 -  

        ####### Cumulative Timings ######
        
 2019-04-03 11:13:42,296 -  * Times
 2019-04-03 11:13:42,296 -      * time after translation_group : 2.5163 s 
 2019-04-03 11:13:42,296 -      * time after dilation : 0.1766 s 
 2019-04-03 11:13:42,296 -      * time after noise and BI : 0.9923 s 
 2019-04-03 11:13:42,296 -  -------------
 2019-04-03 11:13:42,296 -  

                             ########### nbgroup 2  ########

            
 2019-04-03 11:13:42,464 -      * performing dilation
 2019-04-03 11:13:43,276 -  

        ### Binding index ###

        
 2019-04-03 11:13:43,276 -  BIs
 2019-04-03 11:13:43,276 -      * BI (position) : 0.0631 
 2019-04-03 11:13:43,276 -      * BI (zone) : 0.0618 
 2019-04-03 11:13:43,276 -  

        ####### Cumulative Timings ######
        
 2019-04-03 11:13:43,276 -  * Times
 2019-04-03 11:13:43,276 -      * time after translation_group : 2.5163 s 
 2019-04-03 11:13:43,277 -      * time after dilation : 0.1776 s 
 2019-04-03 11:13:43,277 -      * time after noise and BI : 0.9805 s 
 2019-04-03 11:13:43,277 -  -------------
 2019-04-03 11:13:43,277 -  

                             ########### nbgroup 2  ########

            
 2019-04-03 11:13:44,048 -  

        ### Binding index ###

        
 2019-04-03 11:13:44,048 -  BIs
 2019-04-03 11:13:44,048 -      * BI (position) : ref 
 2019-04-03 11:13:44,048 -      * BI (zone) : ref 
 2019-04-03 11:13:44,049 -  

        ####### Cumulative Timings ######
        
 2019-04-03 11:13:44,049 -  * Times
 2019-04-03 11:13:44,049 -      * time after translation_group : 2.5163 s 
 2019-04-03 11:13:44,049 -      * time after dilation : 0.1776 s 
 2019-04-03 11:13:44,049 -      * time after noise and BI : 0.7718 s 
 2019-04-03 11:13:44,049 -  -------------
 2019-04-03 11:13:44,051 -  

                             ########### nbgroup 3  ########

            
 2019-04-03 11:13:44,826 -  

            #### Preprocessings plots ####

            
 2019-04-03 11:13:44,827 -  Baseline parameters:
                                iterations : 2
                                nbchunks : 50
                                secondpower : 5
                                polynomial degree : 1
                    
 2019-04-03 11:13:44,827 -  Steps
 2019-04-03 11:13:46,472 -      * performing translation 
 2019-04-03 11:13:46,687 -      * performing translation 
 2019-04-03 11:13:46,927 -      * performing translation 
 2019-04-03 11:13:47,140 -      * performing dilation
 2019-04-03 11:13:47,977 -  

        ### Binding index ###

        
 2019-04-03 11:13:47,977 -  BIs
 2019-04-03 11:13:47,978 -      * BI (position) : 0.6948 
 2019-04-03 11:13:47,978 -      * BI (zone) : 0.693 
 2019-04-03 11:13:47,978 -  

        ####### Cumulative Timings ######
        
 2019-04-03 11:13:47,978 -  * Times
 2019-04-03 11:13:47,978 -      * time after translation_group : 2.8861 s 
 2019-04-03 11:13:47,978 -      * time after dilation : 3.1025 s 
 2019-04-03 11:13:47,978 -      * time after noise and BI : 3.9268 s 
 2019-04-03 11:13:47,978 -  -------------
 2019-04-03 11:13:47,978 -  

                             ########### nbgroup 3  ########

            
 2019-04-03 11:13:48,244 -      * performing dilation
 2019-04-03 11:13:49,089 -  

        ### Binding index ###

        
 2019-04-03 11:13:49,090 -  BIs
 2019-04-03 11:13:49,090 -      * BI (position) : 0.0949 
 2019-04-03 11:13:49,090 -      * BI (zone) : 0.0919 
 2019-04-03 11:13:49,090 -  

        ####### Cumulative Timings ######
        
 2019-04-03 11:13:49,090 -  * Times
 2019-04-03 11:13:49,090 -      * time after translation_group : 2.8861 s 
 2019-04-03 11:13:49,090 -      * time after dilation : 0.2747 s 
 2019-04-03 11:13:49,090 -      * time after noise and BI : 1.1114 s 
 2019-04-03 11:13:49,090 -  -------------
 2019-04-03 11:13:49,090 -  

                             ########### nbgroup 3  ########

            
 2019-04-03 11:13:49,387 -      * performing dilation
 2019-04-03 11:13:50,209 -  

        ### Binding index ###

        
 2019-04-03 11:13:50,210 -  BIs
 2019-04-03 11:13:50,210 -      * BI (position) : -0.1576 
 2019-04-03 11:13:50,210 -      * BI (zone) : -0.1576 
 2019-04-03 11:13:50,210 -  

        ####### Cumulative Timings ######
        
 2019-04-03 11:13:50,210 -  * Times
 2019-04-03 11:13:50,210 -      * time after translation_group : 2.8861 s 
 2019-04-03 11:13:50,210 -      * time after dilation : 0.3061 s 
 2019-04-03 11:13:50,210 -      * time after noise and BI : 1.1196 s 
 2019-04-03 11:13:50,210 -  -------------
 2019-04-03 11:13:50,210 -  

                             ########### nbgroup 3  ########

            
 2019-04-03 11:13:50,997 -  

        ### Binding index ###

        
 2019-04-03 11:13:50,998 -  BIs
 2019-04-03 11:13:50,998 -      * BI (position) : ref 
 2019-04-03 11:13:50,998 -      * BI (zone) : ref 
 2019-04-03 11:13:50,998 -  

        ####### Cumulative Timings ######
        
 2019-04-03 11:13:50,998 -  * Times
 2019-04-03 11:13:50,998 -      * time after translation_group : 2.8861 s 
 2019-04-03 11:13:50,998 -      * time after dilation : 0.3061 s 
 2019-04-03 11:13:50,998 -      * time after noise and BI : 0.7877 s 
 2019-04-03 11:13:50,998 -  -------------
 2019-04-03 11:13:50,999 -  

                ####  Full Processing time : 18.82 s ####

                
